\BOOKMARK [0][-]{chapter*.1}{\376\377\201\364\214\042}{}% 1
\BOOKMARK [0][-]{chapter*.2}{\376\377\144\130\211\201}{}% 2
\BOOKMARK [0][-]{chapter*.3}{\376\377\000A\000b\000s\000t\000r\000a\000c\000t}{}% 3
\BOOKMARK [0][-]{chapter*.4}{\376\377\166\356\137\125}{}% 4
\BOOKMARK [0][-]{chapter.1}{\376\377\0001\000\040\000\040\176\352\213\272}{}% 5
\BOOKMARK [1][-]{section.1.1}{\376\377\0001\000.\0001\000\040\170\105\127\372\121\111\165\065\133\120\226\306\142\020\142\200\147\057\166\204\123\321\134\125\116\016\163\260\162\266}{chapter.1}% 6
\BOOKMARK [1][-]{section.1.2}{\376\377\0001\000.\0002\000\040\170\105\127\372\121\111\214\003\122\066\126\150}{chapter.1}% 7
\BOOKMARK [2][-]{subsection.1.2.1}{\376\377\0001\000.\0002\000.\0001\000\040\170\105\127\372\121\111\214\003\122\066\126\150\166\204\143\007\150\007}{section.1.2}% 8
\BOOKMARK [2][-]{subsection.1.2.2}{\376\377\0001\000.\0002\000.\0002\000\040\170\105\127\372\121\111\214\003\122\066\126\150\166\204\171\315\174\173}{section.1.2}% 9
\BOOKMARK [1][-]{section.1.3}{\376\377\0001\000.\0003\000\040\213\272\145\207\166\204\121\205\133\271\124\214\122\033\145\260\160\271}{chapter.1}% 10
\BOOKMARK [2][-]{subsection.1.3.1}{\376\377\0001\000.\0003\000.\0001\000\040\213\272\145\207\121\205\133\271}{section.1.3}% 11
\BOOKMARK [2][-]{subsection.1.3.2}{\376\377\0001\000.\0003\000.\0002\000\040\213\272\145\207\122\033\145\260\160\271}{section.1.3}% 12
\BOOKMARK [0][-]{chapter.2}{\376\377\0002\000\040\000\040\121\111\126\150\116\366\166\204\127\372\147\054\116\377\167\037\145\271\154\325}{}% 13
\BOOKMARK [1][-]{section.2.1}{\376\377\0002\000.\0001\000\040\154\342\133\374\166\204\116\377\167\037}{chapter.2}% 14
\BOOKMARK [1][-]{section.2.2}{\376\377\0002\000.\0002\000\040\126\150\116\366\166\204\116\377\167\037}{chapter.2}% 15
\BOOKMARK [1][-]{section.2.3}{\376\377\0002\000.\0003\000\040\174\373\176\337\166\204\116\377\167\037}{chapter.2}% 16
\BOOKMARK [1][-]{section.2.4}{\376\377\0002\000.\0004\000\040\131\032\221\317\133\120\226\061\176\323\147\204\166\204\116\377\167\037\213\276\213\241}{chapter.2}% 17
\BOOKMARK [1][-]{section.2.5}{\376\377\0002\000.\0005\000\040\232\330\220\037\165\065\147\201\166\204\116\377\167\037}{chapter.2}% 18
\BOOKMARK [0][-]{chapter.3}{\376\377\0003\000\040\000\040\117\116\232\161\122\250\165\065\123\213\170\105\127\372\165\065\124\070\145\066\214\003\122\066\126\150}{}% 19
\BOOKMARK [1][-]{section.3.1}{\376\377\0003\000.\0001\000\040\117\116\232\161\122\250\165\065\123\213\121\111\214\003\122\066\126\150\151\202\217\360}{chapter.3}% 20
\BOOKMARK [1][-]{section.3.2}{\376\377\0003\000.\0002\000\040\155\367\124\010\226\306\142\020\214\003\122\066\126\150\166\204\213\276\213\241}{chapter.3}% 21
\BOOKMARK [1][-]{section.3.3}{\376\377\0003\000.\0003\000\040\155\367\124\010\226\306\142\020\214\003\122\066\126\150\166\204\122\066\117\134}{chapter.3}% 22
\BOOKMARK [1][-]{section.3.4}{\376\377\0003\000.\0004\000\040\140\047\200\375\155\113\213\325}{chapter.3}% 23
\BOOKMARK [1][-]{section.3.5}{\376\377\0003\000.\0005\000\040\165\065\124\070\145\066\214\003\122\066\126\150\166\204\123\314\135\345\117\134\152\041\137\017}{chapter.3}% 24
\BOOKMARK [1][-]{section.3.6}{\376\377\0003\000.\0006\000\040\170\105\127\372\123\125\162\107\226\306\142\020\166\204\121\111\145\066\123\321\152\041\127\127}{chapter.3}% 25
\BOOKMARK [0][-]{chapter.4}{\376\377\0004\000\040\000\040\170\105\127\372\123\315\134\004\137\256\163\257\166\204\121\111\214\003\122\066\126\150}{}% 26
\BOOKMARK [1][-]{section.4.1}{\376\377\0004\000.\0001\000\040\123\315\134\004\163\257\151\202\217\360}{chapter.4}% 27
\BOOKMARK [2][-]{subsection.4.1.1}{\376\377\0004\000.\0001\000.\0001\000\040\123\357\214\003\123\315\134\004\163\207\137\256\163\257}{section.4.1}% 28
\BOOKMARK [2][-]{subsection.4.1.2}{\376\377\0004\000.\0001\000.\0002\000\040\121\111\150\005\123\315\134\004\137\256\163\257}{section.4.1}% 29
\BOOKMARK [1][-]{section.4.2}{\376\377\0004\000.\0002\000\040\123\357\214\003\123\315\134\004\163\207\137\256\163\257\214\003\122\066\126\150\166\204\213\276\213\241}{chapter.4}% 30
\BOOKMARK [1][-]{section.4.3}{\376\377\0004\000.\0003\000\040\121\111\150\005\123\315\134\004\137\256\163\257\214\003\122\066\126\150\166\204\213\276\213\241}{chapter.4}% 31
\BOOKMARK [2][-]{subsection.4.3.1}{\376\377\0004\000.\0003\000.\0001\000\040\121\111\150\005\123\315\134\004\163\257\166\204\213\276\213\241}{section.4.3}% 32
\BOOKMARK [2][-]{subsection.4.3.2}{\376\377\0004\000.\0003\000.\0002\000\040\121\111\150\005\123\315\134\004\163\257\166\204\122\066\117\134}{section.4.3}% 33
\BOOKMARK [2][-]{subsection.4.3.3}{\376\377\0004\000.\0003\000.\0003\000\040\145\340\156\220\140\047\200\375\155\113\213\325}{section.4.3}% 34
\BOOKMARK [0][-]{chapter.5}{\376\377\0005\000\040\000\040\232\330\220\037\121\111\214\003\122\066\126\150\165\065\147\201\166\204\213\276\213\241}{}% 35
\BOOKMARK [1][-]{section.5.1}{\376\377\0005\000.\0001\000\040\232\330\220\037\121\111\214\003\122\066\126\150\151\202\217\360}{chapter.5}% 36
\BOOKMARK [1][-]{section.5.2}{\376\377\0005\000.\0002\000\040\165\065\147\201\213\276\213\241}{chapter.5}% 37
\BOOKMARK [1][-]{section.5.3}{\376\377\0005\000.\0003\000\040\165\065\124\070\145\066\214\003\122\066\126\150\116\015\124\014\165\065\147\201\166\204\153\324\217\203}{chapter.5}% 38
\BOOKMARK [0][-]{chapter.6}{\376\377\0006\000\040\000\040\140\073\176\323\116\016\134\125\147\033}{}% 39
\BOOKMARK [0][-]{chapter*.8}{\376\377\123\302\200\003\145\207\163\056}{}% 40
\BOOKMARK [0][-]{section*.9}{\376\377\175\042\137\025}{}% 41
\BOOKMARK [0][-]{appendix*.10}{\376\377\117\134\200\005\173\200\123\206}{}% 42
\BOOKMARK [0][-]{appendix*.11}{\376\377\123\321\210\150\145\207\172\340\166\356\137\125}{}% 43
