\BOOKMARK [0][-]{chapter*.1}{\376\377\122\330\213\357\210\150}{}% 1
\BOOKMARK [0][-]{chapter*.2}{\376\377\201\364\214\042}{}% 2
\BOOKMARK [0][-]{chapter*.3}{\376\377\136\217\212\000}{}% 3
\BOOKMARK [0][-]{chapter*.4}{\376\377\144\130\211\201}{}% 4
\BOOKMARK [0][-]{chapter*.5}{\376\377\000A\000b\000s\000t\000r\000a\000c\000t}{}% 5
\BOOKMARK [0][-]{chapter*.6}{\376\377\143\322\126\376}{}% 6
\BOOKMARK [0][-]{chapter*.7}{\376\377\210\150\150\074}{}% 7
\BOOKMARK [0][-]{chapter*.8}{\376\377\177\051\121\231\060\001\173\046\123\367\156\005\123\125\060\001\147\057\213\355\210\150}{}% 8
\BOOKMARK [0][-]{chapter*.9}{\376\377\166\356\137\125}{}% 9
\BOOKMARK [0][-]{chapter.1}{\376\377\0001\000\040\000\040\176\352\213\272}{}% 10
\BOOKMARK [1][-]{section.1.1}{\376\377\0001\000.\0001\000\040\170\105\121\111\166\204\163\260\162\266}{chapter.1}% 11
\BOOKMARK [1][-]{section.1.2}{\376\377\0001\000.\0002\000\040\170\105\121\111\166\204\143\021\142\030}{chapter.1}% 12
\BOOKMARK [1][-]{section.1.3}{\376\377\0001\000.\0003\000\040\147\054\213\272\145\207\166\204\121\205\133\271\124\214\122\033\145\260\160\271}{chapter.1}% 13
\BOOKMARK [2][-]{subsection.1.3.1}{\376\377\0001\000.\0003\000.\0001\000\040\147\054\213\272\145\207\166\204\172\340\202\202\133\211\143\222}{section.1.3}% 14
\BOOKMARK [2][-]{subsection.1.3.2}{\376\377\0001\000.\0003\000.\0002\000\040\147\054\213\272\145\207\166\204\122\033\145\260\160\271}{section.1.3}% 15
\BOOKMARK [0][-]{chapter.2}{\376\377\0002\000\040\000\040\217\157\116\366\163\257\130\203\123\312\213\276\177\156}{}% 16
\BOOKMARK [1][-]{section.2.1}{\376\377\0002\000.\0001\000\040\000M\000i\000c\000r\000o\000s\000o\000f\000t\000\040\000W\000i\000n\000d\000o\000w\000s\174\373\176\337}{chapter.2}% 17
\BOOKMARK [2][-]{subsection.2.1.1}{\376\377\0002\000.\0001\000.\0001\000\040\0003\0002\117\115\174\373\176\337}{section.2.1}% 18
\BOOKMARK [2][-]{subsection.2.1.2}{\376\377\0002\000.\0001\000.\0002\000\040\0006\0004\117\115\174\373\176\337}{section.2.1}% 19
\BOOKMARK [1][-]{section.2.2}{\376\377\0002\000.\0002\000\040\000l\000i\000n\000u\000x\174\373\176\337}{chapter.2}% 20
\BOOKMARK [1][-]{section.2.3}{\376\377\0002\000.\0003\000\040\000M\000a\000c\174\373\176\337}{chapter.2}% 21
\BOOKMARK [1][-]{section.2.4}{\376\377\0002\000.\0004\000\040\147\054\152\041\162\110\142\100\227\000\211\201\166\204\142\151\134\125\123\005}{chapter.2}% 22
\BOOKMARK [1][-]{section.2.5}{\376\377\0002\000.\0005\000\040\155\113\213\325\217\320\210\114}{chapter.2}% 23
\BOOKMARK [0][-]{appendix*.15}{\376\377\226\104\137\125\000A}{}% 24
\BOOKMARK [0][-]{appendix*.16}{\376\377\226\104\137\125\000B}{}% 25
\BOOKMARK [0][-]{appendix*.18}{\376\377\117\134\200\005\173\200\123\206}{}% 26
\BOOKMARK [0][-]{appendix*.19}{\376\377\123\321\210\150\145\207\172\340\166\356\137\125}{}% 27
